[INFO ] 2023-02-11 22:36:47.559 [main] Main - Hello Team!!!! Good Change
[INFO ] 2023-02-11 22:36:47.630 [main] ConnectionPool - Reading properties file.
[INFO ] 2023-02-11 22:36:47.631 [main] ConnectionPool - Creating connection pool to MySQL database
[INFO ] 2023-02-11 22:37:09.312 [main] Main - Hello Team!!!! Good Change
[INFO ] 2023-02-11 22:37:09.369 [main] ConnectionPool - Reading properties file.
[INFO ] 2023-02-11 22:37:09.370 [main] ConnectionPool - Creating connection pool to MySQL database
[INFO ] 2023-02-11 22:37:14.238 [main] Main - Flight{id=2, start=Airport{id=2, name='London City Airport', country='England', city='London', airlines=[
], 
coordinates=0.0
}, finalDestination=Airport{id=6, name='Haneda Airport', country='Japan', city='Tokio', airlines=[
], 
coordinates=0.0
}, price=950.0}
[INFO ] 2023-02-11 22:51:05.592 [main] Main - Hello Team!!!! Good Change
[INFO ] 2023-02-11 22:51:05.678 [main] ConnectionPool - Reading properties file.
[INFO ] 2023-02-11 22:51:05.680 [main] ConnectionPool - Creating connection pool to MySQL database
[INFO ] 2023-02-11 22:51:09.894 [main] Main - Airport{id=2, name='London City Airport', country='England', city='London', airlines=[
], 
coordinates=0.0
}
[INFO ] 2023-02-11 22:51:45.574 [main] Main - Hello Team!!!! Good Change
[INFO ] 2023-02-11 22:51:45.664 [main] ConnectionPool - Reading properties file.
[INFO ] 2023-02-11 22:51:45.666 [main] ConnectionPool - Creating connection pool to MySQL database
[INFO ] 2023-02-11 22:51:50.302 [main] Main - Airport{id=4, name='Ezeiza International Airport', country='Argentina', city='Buenos Aires', airlines=[
], 
coordinates=0.0
}
[INFO ] 2023-02-11 23:03:27.439 [main] Main - Hello Team!!!! Good Change
[INFO ] 2023-02-11 23:03:27.489 [main] ConnectionPool - Reading properties file.
[INFO ] 2023-02-11 23:03:27.490 [main] ConnectionPool - Creating connection pool to MySQL database
[INFO ] 2023-02-11 23:03:32.832 [main] Main - Airline{id=2, name='Emirates', flights=null}
[INFO ] 2023-02-11 23:07:47.456 [main] Main - Hello Team!!!! Good Change
[INFO ] 2023-02-11 23:07:47.561 [main] ConnectionPool - Reading properties file.
[INFO ] 2023-02-11 23:07:47.565 [main] ConnectionPool - Creating connection pool to MySQL database
[INFO ] 2023-02-11 23:07:53.002 [main] Main - Flight{id=2, start=Airport{id=2, name='London City Airport', country='England', city='London', airlines=[
], 
coordinates=0.0
}, finalDestination=Airport{id=6, name='Haneda Airport', country='Japan', city='Tokio', airlines=[
], 
coordinates=0.0
}, price=950.0}
[INFO ] 2023-02-11 23:07:54.227 [main] Main - Airport{id=4, name='Ezeiza International Airport', country='Argentina', city='Buenos Aires', airlines=[
], 
coordinates=0.0
}
[INFO ] 2023-02-11 23:07:55.547 [main] Main - Airline{id=2, name='Emirates', flights=null}
